c:\users\james\desktop\ssd_cs2s562\ssd_cs2s562\debug\vc120.pdb
c:\users\james\desktop\ssd_cs2s562\ssd_cs2s562\debug\vc120.idb
c:\users\james\desktop\ssd_cs2s562\ssd_cs2s562\debug\authenticator.obj
c:\users\james\desktop\ssd_cs2s562\ssd_cs2s562\debug\authenticatorinfo.obj
c:\users\james\desktop\ssd_cs2s562\ssd_cs2s562\debug\binfilelogger.obj
c:\users\james\desktop\ssd_cs2s562\ssd_cs2s562\debug\consolelogger.obj
c:\users\james\desktop\ssd_cs2s562\ssd_cs2s562\debug\electric.obj
c:\users\james\desktop\ssd_cs2s562\ssd_cs2s562\debug\internet.obj
c:\users\james\desktop\ssd_cs2s562\ssd_cs2s562\debug\loggerdecorator.obj
c:\users\james\desktop\ssd_cs2s562\ssd_cs2s562\debug\loggerfactorym.obj
c:\users\james\desktop\ssd_cs2s562\ssd_cs2s562\debug\main.obj
c:\users\james\desktop\ssd_cs2s562\ssd_cs2s562\debug\interface.obj
c:\users\james\desktop\ssd_cs2s562\ssd_cs2s562\debug\proofofid.obj
c:\users\james\desktop\ssd_cs2s562\ssd_cs2s562\debug\status.obj
c:\users\james\desktop\ssd_cs2s562\ssd_cs2s562\debug\subject.obj
c:\users\james\desktop\ssd_cs2s562\ssd_cs2s562\debug\temperature.obj
c:\users\james\desktop\ssd_cs2s562\ssd_cs2s562\debug\txtfilelogger.obj
c:\users\james\desktop\ssd_cs2s562\debug\ssd_cs2s562.ilk
c:\users\james\desktop\ssd_cs2s562\debug\ssd_cs2s562.exe
c:\users\james\desktop\ssd_cs2s562\debug\ssd_cs2s562.pdb
c:\users\james\desktop\ssd_cs2s562\ssd_cs2s562\debug\nativecodeanalysis.read.1.tlog
c:\users\james\desktop\ssd_cs2s562\ssd_cs2s562\debug\authenticator.nativecodeanalysis.xml
c:\users\james\desktop\ssd_cs2s562\ssd_cs2s562\debug\authenticatorinfo.nativecodeanalysis.xml
c:\users\james\desktop\ssd_cs2s562\ssd_cs2s562\debug\binfilelogger.nativecodeanalysis.xml
c:\users\james\desktop\ssd_cs2s562\ssd_cs2s562\debug\consolelogger.nativecodeanalysis.xml
c:\users\james\desktop\ssd_cs2s562\ssd_cs2s562\debug\electric.nativecodeanalysis.xml
c:\users\james\desktop\ssd_cs2s562\ssd_cs2s562\debug\interface.nativecodeanalysis.xml
c:\users\james\desktop\ssd_cs2s562\ssd_cs2s562\debug\internet.nativecodeanalysis.xml
c:\users\james\desktop\ssd_cs2s562\ssd_cs2s562\debug\loggerdecorator.nativecodeanalysis.xml
c:\users\james\desktop\ssd_cs2s562\ssd_cs2s562\debug\loggerfactorym.nativecodeanalysis.xml
c:\users\james\desktop\ssd_cs2s562\ssd_cs2s562\debug\main.nativecodeanalysis.xml
c:\users\james\desktop\ssd_cs2s562\ssd_cs2s562\debug\proofofid.nativecodeanalysis.xml
c:\users\james\desktop\ssd_cs2s562\ssd_cs2s562\debug\status.nativecodeanalysis.xml
c:\users\james\desktop\ssd_cs2s562\ssd_cs2s562\debug\subject.nativecodeanalysis.xml
c:\users\james\desktop\ssd_cs2s562\ssd_cs2s562\debug\temperature.nativecodeanalysis.xml
c:\users\james\desktop\ssd_cs2s562\ssd_cs2s562\debug\txtfilelogger.nativecodeanalysis.xml
c:\users\james\desktop\ssd_cs2s562\ssd_cs2s562\debug\vc.nativecodeanalysis.all.xml
c:\users\james\desktop\ssd_cs2s562\debug\ssd_cs2s562.exe.lastcodeanalysissucceeded
c:\users\james\desktop\ssd_cs2s562\ssd_cs2s562\debug\ssd_cs2s562.tlog\cl.command.1.tlog
c:\users\james\desktop\ssd_cs2s562\ssd_cs2s562\debug\ssd_cs2s562.tlog\cl.read.1.tlog
c:\users\james\desktop\ssd_cs2s562\ssd_cs2s562\debug\ssd_cs2s562.tlog\cl.write.1.tlog
c:\users\james\desktop\ssd_cs2s562\ssd_cs2s562\debug\ssd_cs2s562.tlog\link.command.1.tlog
c:\users\james\desktop\ssd_cs2s562\ssd_cs2s562\debug\ssd_cs2s562.tlog\link.read.1.tlog
c:\users\james\desktop\ssd_cs2s562\ssd_cs2s562\debug\ssd_cs2s562.tlog\link.write.1.tlog
